2026-04-12 10:08:46,417 | INFO     | Artifacts successfully loaded from slug: xgboost_20260411_112513
2026-04-12 10:08:46,422 | INFO     | API Startup: Model artifacts are ready for inference.
2026-04-12 10:48:05,297 | INFO     | POST /predict/batch -> Status: 200 (427.92ms)
2026-04-12 12:33:51,090 | INFO     | API Lifecycle: Service is shutting down.
2026-04-12 12:34:03,988 | INFO     | Artifacts successfully loaded from slug: xgboost_20260411_112513
2026-04-12 12:34:03,996 | INFO     | API Startup: Model artifacts are ready for inference.
2026-04-12 12:43:29,493 | INFO     | GET /health -> Status: 200 (54.28ms)
2026-04-12 13:06:11,927 | INFO     | POST /predict/batch -> Status: 200 (535.97ms)
2026-04-12 13:07:09,281 | INFO     | API Lifecycle: Service is shutting down.
2026-04-12 13:07:25,141 | INFO     | Artifacts successfully loaded from slug: xgboost_20260411_112513
2026-04-12 13:07:25,142 | INFO     | API Startup: Model artifacts are ready for inference.
2026-04-12 13:16:23,938 | INFO     | API Lifecycle: Service is shutting down.
2026-04-12 13:16:34,769 | INFO     | Artifacts successfully loaded from slug: xgboost_20260411_112513
2026-04-12 13:16:34,770 | INFO     | API Startup: Model artifacts are ready for inference.
2026-04-12 13:18:02,741 | INFO     | GET /health -> Status: 200 (7.07ms)
2026-04-12 13:18:20,242 | INFO     | POST /predict/batch -> Status: 200 (121.25ms)
2026-04-12 16:49:44,676 | INFO     | API Lifecycle: Service is shutting down.
2026-04-12 16:52:06,041 | INFO     | Artifacts successfully loaded from slug: xgboost_20260411_112513
2026-04-12 16:52:06,043 | INFO     | API Startup: Model artifacts are ready for inference.
2026-04-12 16:52:49,190 | INFO     | GET /docs -> Status: 200 (3.48ms)
2026-04-12 16:52:50,123 | INFO     | GET /openapi.json -> Status: 200 (104.11ms)
2026-04-12 16:53:04,533 | INFO     | API Lifecycle: Service is shutting down.
2026-04-12 16:53:14,629 | INFO     | Artifacts successfully loaded from slug: xgboost_20260411_112513
2026-04-12 16:53:14,631 | INFO     | API Startup: Model artifacts are ready for inference.
2026-04-12 16:53:39,361 | INFO     | GET /health -> Status: 200 (8.69ms)
2026-04-12 16:53:53,389 | INFO     | POST /predict/batch -> Status: 200 (98.47ms)
2026-04-12 23:47:44,026 | INFO     | API Lifecycle: Service is shutting down.
2026-04-12 23:48:13,769 | INFO     | Artifacts successfully loaded from slug: xgboost_20260411_112513
2026-04-12 23:48:13,772 | INFO     | API Startup: Model artifacts are ready for inference.
2026-04-12 23:50:00,852 | INFO     | API Lifecycle: Service is shutting down.
2026-04-12 23:50:08,795 | INFO     | Artifacts successfully loaded from slug: xgboost_20260411_112513
2026-04-12 23:50:08,798 | INFO     | API Startup: Model artifacts are ready for inference.
